0 info it worked if it ends with ok
1 verbose cli [ 'node', '/usr/local/bin/npm', 'install', 'fs', '--save' ]
2 info using npm@1.4.14
3 info using node@v0.10.29
4 warn package.json ir@0.0.0 No description
5 warn package.json ir@0.0.0 No repository field.
6 warn package.json ir@0.0.0 No README data
7 verbose readDependencies using package.json deps
8 verbose cache add [ 'fs', null ]
9 verbose cache add name=undefined spec="fs" args=["fs",null]
10 verbose parsed url { protocol: null,
10 verbose parsed url   slashes: null,
10 verbose parsed url   auth: null,
10 verbose parsed url   host: null,
10 verbose parsed url   port: null,
10 verbose parsed url   hostname: null,
10 verbose parsed url   hash: null,
10 verbose parsed url   search: null,
10 verbose parsed url   query: null,
10 verbose parsed url   pathname: 'fs',
10 verbose parsed url   path: 'fs',
10 verbose parsed url   href: 'fs' }
11 silly lockFile 3f4bb586-fs fs
12 verbose lock fs /Users/sarith21/.npm/3f4bb586-fs.lock
13 silly lockFile 3f4bb586-fs fs
14 silly lockFile 3f4bb586-fs fs
15 verbose addNamed [ 'fs', '' ]
16 verbose addNamed [ null, '*' ]
17 silly lockFile a107b96b-fs fs@
18 verbose lock fs@ /Users/sarith21/.npm/a107b96b-fs.lock
19 silly addNameRange { name: 'fs', range: '*', hasData: false }
20 verbose url raw fs
21 verbose url resolving [ 'https://registry.npmjs.org/', './fs' ]
22 verbose url resolved https://registry.npmjs.org/fs
23 info trying registry request attempt 1 at 12:10:33
24 verbose etag "5BQZWWEVHQEXWCPP0V3B1TODR"
25 http GET https://registry.npmjs.org/fs
26 http 404 https://registry.npmjs.org/fs
27 silly registry.get cb [ 404,
27 silly registry.get   { date: 'Sat, 19 Jul 2014 19:10:31 GMT',
27 silly registry.get     server: 'CouchDB/1.5.0 (Erlang OTP/R14B04)',
27 silly registry.get     etag: '"5BQZWWEVHQEXWCPP0V3B1TODR"',
27 silly registry.get     'content-type': 'application/json',
27 silly registry.get     'cache-control': 'max-age=0',
27 silly registry.get     'content-length': '397',
27 silly registry.get     'accept-ranges': 'bytes',
27 silly registry.get     via: '1.1 varnish',
27 silly registry.get     age: '0',
27 silly registry.get     'x-served-by': 'cache-sjc3125-SJC',
27 silly registry.get     'x-cache': 'MISS',
27 silly registry.get     'x-cache-hits': '0',
27 silly registry.get     'x-timer': 'S1405797031.006714,VS0,VE84',
27 silly registry.get     vary: 'Accept',
27 silly registry.get     'keep-alive': 'timeout=10, max=50',
27 silly registry.get     connection: 'Keep-Alive' } ]
28 silly lockFile a107b96b-fs fs@
29 silly lockFile a107b96b-fs fs@
30 error 404 Not Found
30 error 404
30 error 404 'fs' is not in the npm registry.
30 error 404 You should bug the author to publish it
30 error 404 It was specified as a dependency of 'ir'
30 error 404
30 error 404 Note that you can also install from a
30 error 404 tarball, folder, or http url, or git url.
31 error System Darwin 13.2.0
32 error command "node" "/usr/local/bin/npm" "install" "fs" "--save"
33 error cwd /Users/sarith21/Documents/Programing/tessel/hackathon/ir
34 error node -v v0.10.29
35 error npm -v 1.4.14
36 error code E404
37 verbose exit [ 1, true ]
